<?xml version="1.0" encoding="UTF-8"?>
<!-- Generated by org.testng.reporters.JUnitReportReporter -->
<testsuite skipped="0" hostname="Prira-PC" name="TestScript.Amazon_Login" tests="1" failures="0" timestamp="31 May 2018 02:28:16 GMT" time="42.103" errors="0">
  <testcase name="addToCart" time="42.103" classname="TestScript.Amazon_Login"/>
</testsuite> <!-- TestScript.Amazon_Login -->
